# JRE version: Java(TM) SE Runtime Environment (8.0_121-b13) (build 1.8.0_121-b13)
# Java VM: Java HotSpot(TM) 64-Bit Server VM (25.121-b13 mixed mode windows-amd64 compressed oops)
Heap:
 PSYoungGen      total 215552K, used 57668K [0x00000000d5580000, 0x00000000e3d00000, 0x0000000100000000)
  eden space 197632K, 20% used [0x00000000d5580000,0x00000000d7c54ed0,0x00000000e1680000)
  from space 17920K, 99% used [0x00000000e1680000,0x00000000e27fc440,0x00000000e2800000)
  to   space 15360K, 0% used [0x00000000e2800000,0x00000000e2800000,0x00000000e3700000)
 ParOldGen       total 84992K, used 29229K [0x0000000080000000, 0x0000000085300000, 0x00000000d5580000)
  object space 84992K, 34% used [0x0000000080000000,0x0000000081c8b7c0,0x0000000085300000)
 Metaspace       used 50012K, capacity 52596K, committed 52696K, reserved 1093632K
  class space    used 7159K, capacity 7614K, committed 7640K, reserved 1048576K
GC Heap History (10 events):
Event: 4.959 GC heap before
{Heap before GC invocations=7 (full 1):
 PSYoungGen      total 71680K, used 70392K [0x00000000d5580000, 0x00000000dda80000, 0x0000000100000000)
  eden space 66560K, 100% used [0x00000000d5580000,0x00000000d9680000,0x00000000d9680000)
  from space 5120K, 74% used [0x00000000d9680000,0x00000000d9a3e170,0x00000000d9b80000)
  to   space 9216K, 0% used [0x00000000dd180000,0x00000000dd180000,0x00000000dda80000)
 ParOldGen       total 52224K, used 7720K [0x0000000080000000, 0x0000000083300000, 0x00000000d5580000)
  object space 52224K, 14% used [0x0000000080000000,0x000000008078a078,0x0000000083300000)
 Metaspace       used 25553K, capacity 26632K, committed 26880K, reserved 1073152K
  class space    used 3544K, capacity 3793K, committed 3840K, reserved 1048576K
Event: 5.028 GC heap after
Heap after GC invocations=7 (full 1):
 PSYoungGen      total 124928K, used 9191K [0x00000000d5580000, 0x00000000dde00000, 0x0000000100000000)
  eden space 115712K, 0% used [0x00000000d5580000,0x00000000d5580000,0x00000000dc680000)
  from space 9216K, 99% used [0x00000000dd180000,0x00000000dda79fd0,0x00000000dda80000)
  to   space 11264K, 0% used [0x00000000dc680000,0x00000000dc680000,0x00000000dd180000)
 ParOldGen       total 52224K, used 8939K [0x0000000080000000, 0x0000000083300000, 0x00000000d5580000)
  object space 52224K, 17% used [0x0000000080000000,0x00000000808bae00,0x0000000083300000)
 Metaspace       used 25553K, capacity 26632K, committed 26880K, reserved 1073152K
  class space    used 3544K, capacity 3793K, committed 3840K, reserved 1048576K
}
Event: 6.815 GC heap before
{Heap before GC invocations=8 (full 1):
 PSYoungGen      total 124928K, used 124903K [0x00000000d5580000, 0x00000000dde00000, 0x0000000100000000)
  eden space 115712K, 100% used [0x00000000d5580000,0x00000000dc680000,0x00000000dc680000)
  from space 9216K, 99% used [0x00000000dd180000,0x00000000dda79fd0,0x00000000dda80000)
  to   space 11264K, 0% used [0x00000000dc680000,0x00000000dc680000,0x00000000dd180000)
 ParOldGen       total 52224K, used 8939K [0x0000000080000000, 0x0000000083300000, 0x00000000d5580000)
  object space 52224K, 17% used [0x0000000080000000,0x00000000808bae00,0x0000000083300000)
 Metaspace       used 30572K, capacity 32078K, committed 32256K, reserved 1077248K
  class space    used 4203K, capacity 4514K, committed 4608K, reserved 1048576K
Event: 6.850 GC heap after
Heap after GC invocations=8 (full 1):
 PSYoungGen      total 126976K, used 11258K [0x00000000d5580000, 0x00000000e3700000, 0x0000000100000000)
  eden space 115712K, 0% used [0x00000000d5580000,0x00000000d5580000,0x00000000dc680000)
  from space 11264K, 99% used [0x00000000dc680000,0x00000000dd17e858,0x00000000dd180000)
  to   space 15360K, 0% used [0x00000000e2800000,0x00000000e2800000,0x00000000e3700000)
 ParOldGen       total 52224K, used 13768K [0x0000000080000000, 0x0000000083300000, 0x00000000d5580000)
  object space 52224K, 26% used [0x0000000080000000,0x0000000080d72358,0x0000000083300000)
 Metaspace       used 30572K, capacity 32078K, committed 32256K, reserved 1077248K
  class space    used 4203K, capacity 4514K, committed 4608K, reserved 1048576K
}
Event: 7.646 GC heap before
{Heap before GC invocations=9 (full 1):
 PSYoungGen      total 126976K, used 53721K [0x00000000d5580000, 0x00000000e3700000, 0x0000000100000000)
  eden space 115712K, 36% used [0x00000000d5580000,0x00000000d7ef7f98,0x00000000dc680000)
  from space 11264K, 99% used [0x00000000dc680000,0x00000000dd17e858,0x00000000dd180000)
  to   space 15360K, 0% used [0x00000000e2800000,0x00000000e2800000,0x00000000e3700000)
 ParOldGen       total 52224K, used 13768K [0x0000000080000000, 0x0000000083300000, 0x00000000d5580000)
  object space 52224K, 26% used [0x0000000080000000,0x0000000080d72358,0x0000000083300000)
 Metaspace       used 33704K, capacity 35308K, committed 35416K, reserved 1079296K
  class space    used 4540K, capacity 4871K, committed 4952K, reserved 1048576K
Event: 7.688 GC heap after
Heap after GC invocations=9 (full 1):
 PSYoungGen      total 212992K, used 15338K [0x00000000d5580000, 0x00000000e3d00000, 0x0000000100000000)
  eden space 197632K, 0% used [0x00000000d5580000,0x00000000d5580000,0x00000000e1680000)
  from space 15360K, 99% used [0x00000000e2800000,0x00000000e36faa70,0x00000000e3700000)
  to   space 17920K, 0% used [0x00000000e1680000,0x00000000e1680000,0x00000000e2800000)
 ParOldGen       total 52224K, used 14022K [0x0000000080000000, 0x0000000083300000, 0x00000000d5580000)
  object space 52224K, 26% used [0x0000000080000000,0x0000000080db1b50,0x0000000083300000)
 Metaspace       used 33704K, capacity 35308K, committed 35416K, reserved 1079296K
  class space    used 4540K, capacity 4871K, committed 4952K, reserved 1048576K
}
Event: 7.688 GC heap before
{Heap before GC invocations=10 (full 2):
 PSYoungGen      total 212992K, used 15338K [0x00000000d5580000, 0x00000000e3d00000, 0x0000000100000000)
  eden space 197632K, 0% used [0x00000000d5580000,0x00000000d5580000,0x00000000e1680000)
  from space 15360K, 99% used [0x00000000e2800000,0x00000000e36faa70,0x00000000e3700000)
  to   space 17920K, 0% used [0x00000000e1680000,0x00000000e1680000,0x00000000e2800000)
 ParOldGen       total 52224K, used 14022K [0x0000000080000000, 0x0000000083300000, 0x00000000d5580000)
  object space 52224K, 26% used [0x0000000080000000,0x0000000080db1b50,0x0000000083300000)
 Metaspace       used 33704K, capacity 35308K, committed 35416K, reserved 1079296K
  class space    used 4540K, capacity 4871K, committed 4952K, reserved 1048576K
Event: 7.854 GC heap after
Heap after GC invocations=10 (full 2):
 PSYoungGen      total 212992K, used 0K [0x00000000d5580000, 0x00000000e3d00000, 0x0000000100000000)
  eden space 197632K, 0% used [0x00000000d5580000,0x00000000d5580000,0x00000000e1680000)
  from space 15360K, 0% used [0x00000000e2800000,0x00000000e2800000,0x00000000e3700000)
  to   space 17920K, 0% used [0x00000000e1680000,0x00000000e1680000,0x00000000e2800000)
 ParOldGen       total 84992K, used 24834K [0x0000000080000000, 0x0000000085300000, 0x00000000d5580000)
  object space 84992K, 29% used [0x0000000080000000,0x0000000081840808,0x0000000085300000)
 Metaspace       used 33704K, capacity 35308K, committed 35416K, reserved 1079296K
  class space    used 4540K, capacity 4871K, committed 4952K, reserved 1048576K
}
Event: 11.202 GC heap before
{Heap before GC invocations=11 (full 2):
 PSYoungGen      total 212992K, used 197632K [0x00000000d5580000, 0x00000000e3d00000, 0x0000000100000000)
  eden space 197632K, 100% used [0x00000000d5580000,0x00000000e1680000,0x00000000e1680000)
  from space 15360K, 0% used [0x00000000e2800000,0x00000000e2800000,0x00000000e3700000)
  to   space 17920K, 0% used [0x00000000e1680000,0x00000000e1680000,0x00000000e2800000)
 ParOldGen       total 84992K, used 24834K [0x0000000080000000, 0x0000000085300000, 0x00000000d5580000)
  object space 84992K, 29% used [0x0000000080000000,0x0000000081840808,0x0000000085300000)
 Metaspace       used 49294K, capacity 51732K, committed 51800K, reserved 1093632K
  class space    used 7056K, capacity 7492K, committed 7512K, reserved 1048576K
Event: 11.240 GC heap after
Heap after GC invocations=11 (full 2):
 PSYoungGen      total 215552K, used 17905K [0x00000000d5580000, 0x00000000e3d00000, 0x0000000100000000)
  eden space 197632K, 0% used [0x00000000d5580000,0x00000000d5580000,0x00000000e1680000)
  from space 17920K, 99% used [0x00000000e1680000,0x00000000e27fc440,0x00000000e2800000)
  to   space 15360K, 0% used [0x00000000e2800000,0x00000000e2800000,0x00000000e3700000)
 ParOldGen       total 84992K, used 29229K [0x0000000080000000, 0x0000000085300000, 0x00000000d5580000)
  object space 84992K, 34% used [0x0000000080000000,0x0000000081c8b7c0,0x0000000085300000)
 Metaspace       used 49294K, capacity 51732K, committed 51800K, reserved 1093632K
  class space    used 7056K, capacity 7492K, committed 7512K, reserved 1048576K
}

