# JRE version: Java(TM) SE Runtime Environment (8.0_121-b13) (build 1.8.0_121-b13)
# Java VM: Java HotSpot(TM) 64-Bit Server VM (25.121-b13 mixed mode windows-amd64 compressed oops)
Heap:
 PSYoungGen      total 204288K, used 66247K [0x00000000d5580000, 0x00000000e2e00000, 0x0000000100000000)
  eden space 187392K, 26% used [0x00000000d5580000,0x00000000d85b4960,0x00000000e0c80000)
  from space 16896K, 99% used [0x00000000e0c80000,0x00000000e1cfd3c8,0x00000000e1d00000)
  to   space 14848K, 0% used [0x00000000e1d00000,0x00000000e1d00000,0x00000000e2b80000)
 ParOldGen       total 88064K, used 27226K [0x0000000080000000, 0x0000000085600000, 0x00000000d5580000)
  object space 88064K, 30% used [0x0000000080000000,0x0000000081a96980,0x0000000085600000)
 Metaspace       used 50129K, capacity 52640K, committed 52696K, reserved 1097728K
  class space    used 7161K, capacity 7610K, committed 7640K, reserved 1048576K
GC Heap History (10 events):
Event: 3.345 GC heap before
{Heap before GC invocations=7 (full 1):
 PSYoungGen      total 71680K, used 70635K [0x00000000d5580000, 0x00000000dd600000, 0x0000000100000000)
  eden space 66560K, 100% used [0x00000000d5580000,0x00000000d9680000,0x00000000d9680000)
  from space 5120K, 79% used [0x00000000d9680000,0x00000000d9a7acb0,0x00000000d9b80000)
  to   space 8192K, 0% used [0x00000000dce00000,0x00000000dce00000,0x00000000dd600000)
 ParOldGen       total 51200K, used 6295K [0x0000000080000000, 0x0000000083200000, 0x00000000d5580000)
  object space 51200K, 12% used [0x0000000080000000,0x0000000080625f10,0x0000000083200000)
 Metaspace       used 24744K, capacity 25820K, committed 25984K, reserved 1071104K
  class space    used 3427K, capacity 3695K, committed 3712K, reserved 1048576K
Event: 3.361 GC heap after
Heap after GC invocations=7 (full 1):
 PSYoungGen      total 121344K, used 8188K [0x00000000d5580000, 0x00000000dd800000, 0x0000000100000000)
  eden space 113152K, 0% used [0x00000000d5580000,0x00000000d5580000,0x00000000dc400000)
  from space 8192K, 99% used [0x00000000dce00000,0x00000000dd5ff008,0x00000000dd600000)
  to   space 10240K, 0% used [0x00000000dc400000,0x00000000dc400000,0x00000000dce00000)
 ParOldGen       total 51200K, used 8116K [0x0000000080000000, 0x0000000083200000, 0x00000000d5580000)
  object space 51200K, 15% used [0x0000000080000000,0x00000000807ed3f8,0x0000000083200000)
 Metaspace       used 24744K, capacity 25820K, committed 25984K, reserved 1071104K
  class space    used 3427K, capacity 3695K, committed 3712K, reserved 1048576K
}
Event: 4.400 GC heap before
{Heap before GC invocations=8 (full 1):
 PSYoungGen      total 121344K, used 121320K [0x00000000d5580000, 0x00000000dd800000, 0x0000000100000000)
  eden space 113152K, 99% used [0x00000000d5580000,0x00000000dc3fb2a0,0x00000000dc400000)
  from space 8192K, 99% used [0x00000000dce00000,0x00000000dd5ff008,0x00000000dd600000)
  to   space 10240K, 0% used [0x00000000dc400000,0x00000000dc400000,0x00000000dce00000)
 ParOldGen       total 51200K, used 8116K [0x0000000080000000, 0x0000000083200000, 0x00000000d5580000)
  object space 51200K, 15% used [0x0000000080000000,0x00000000807ed3f8,0x0000000083200000)
 Metaspace       used 30282K, capacity 31844K, committed 32128K, reserved 1077248K
  class space    used 4158K, capacity 4479K, committed 4480K, reserved 1048576K
Event: 4.427 GC heap after
Heap after GC invocations=8 (full 1):
 PSYoungGen      total 123392K, used 10224K [0x00000000d5580000, 0x00000000e2b80000, 0x0000000100000000)
  eden space 113152K, 0% used [0x00000000d5580000,0x00000000d5580000,0x00000000dc400000)
  from space 10240K, 99% used [0x00000000dc400000,0x00000000dcdfc290,0x00000000dce00000)
  to   space 14848K, 0% used [0x00000000e1d00000,0x00000000e1d00000,0x00000000e2b80000)
 ParOldGen       total 51200K, used 14460K [0x0000000080000000, 0x0000000083200000, 0x00000000d5580000)
  object space 51200K, 28% used [0x0000000080000000,0x0000000080e1f318,0x0000000083200000)
 Metaspace       used 30282K, capacity 31844K, committed 32128K, reserved 1077248K
  class space    used 4158K, capacity 4479K, committed 4480K, reserved 1048576K
}
Event: 5.122 GC heap before
{Heap before GC invocations=9 (full 1):
 PSYoungGen      total 123392K, used 68486K [0x00000000d5580000, 0x00000000e2b80000, 0x0000000100000000)
  eden space 113152K, 51% used [0x00000000d5580000,0x00000000d8e65950,0x00000000dc400000)
  from space 10240K, 99% used [0x00000000dc400000,0x00000000dcdfc290,0x00000000dce00000)
  to   space 14848K, 0% used [0x00000000e1d00000,0x00000000e1d00000,0x00000000e2b80000)
 ParOldGen       total 51200K, used 14460K [0x0000000080000000, 0x0000000083200000, 0x00000000d5580000)
  object space 51200K, 28% used [0x0000000080000000,0x0000000080e1f318,0x0000000083200000)
 Metaspace       used 33676K, capacity 35308K, committed 35416K, reserved 1079296K
  class space    used 4536K, capacity 4871K, committed 4952K, reserved 1048576K
Event: 5.143 GC heap after
Heap after GC invocations=9 (full 1):
 PSYoungGen      total 202240K, used 14837K [0x00000000d5580000, 0x00000000e2e00000, 0x0000000100000000)
  eden space 187392K, 0% used [0x00000000d5580000,0x00000000d5580000,0x00000000e0c80000)
  from space 14848K, 99% used [0x00000000e1d00000,0x00000000e2b7d770,0x00000000e2b80000)
  to   space 16896K, 0% used [0x00000000e0c80000,0x00000000e0c80000,0x00000000e1d00000)
 ParOldGen       total 51200K, used 14494K [0x0000000080000000, 0x0000000083200000, 0x00000000d5580000)
  object space 51200K, 28% used [0x0000000080000000,0x0000000080e27be8,0x0000000083200000)
 Metaspace       used 33676K, capacity 35308K, committed 35416K, reserved 1079296K
  class space    used 4536K, capacity 4871K, committed 4952K, reserved 1048576K
}
Event: 5.144 GC heap before
{Heap before GC invocations=10 (full 2):
 PSYoungGen      total 202240K, used 14837K [0x00000000d5580000, 0x00000000e2e00000, 0x0000000100000000)
  eden space 187392K, 0% used [0x00000000d5580000,0x00000000d5580000,0x00000000e0c80000)
  from space 14848K, 99% used [0x00000000e1d00000,0x00000000e2b7d770,0x00000000e2b80000)
  to   space 16896K, 0% used [0x00000000e0c80000,0x00000000e0c80000,0x00000000e1d00000)
 ParOldGen       total 51200K, used 14494K [0x0000000080000000, 0x0000000083200000, 0x00000000d5580000)
  object space 51200K, 28% used [0x0000000080000000,0x0000000080e27be8,0x0000000083200000)
 Metaspace       used 33676K, capacity 35308K, committed 35416K, reserved 1079296K
  class space    used 4536K, capacity 4871K, committed 4952K, reserved 1048576K
Event: 5.251 GC heap after
Heap after GC invocations=10 (full 2):
 PSYoungGen      total 202240K, used 0K [0x00000000d5580000, 0x00000000e2e00000, 0x0000000100000000)
  eden space 187392K, 0% used [0x00000000d5580000,0x00000000d5580000,0x00000000e0c80000)
  from space 14848K, 0% used [0x00000000e1d00000,0x00000000e1d00000,0x00000000e2b80000)
  to   space 16896K, 0% used [0x00000000e0c80000,0x00000000e0c80000,0x00000000e1d00000)
 ParOldGen       total 88064K, used 22362K [0x0000000080000000, 0x0000000085600000, 0x00000000d5580000)
  object space 88064K, 25% used [0x0000000080000000,0x00000000815d68b8,0x0000000085600000)
 Metaspace       used 33676K, capacity 35308K, committed 35416K, reserved 1079296K
  class space    used 4536K, capacity 4871K, committed 4952K, reserved 1048576K
}
Event: 7.912 GC heap before
{Heap before GC invocations=11 (full 2):
 PSYoungGen      total 202240K, used 187392K [0x00000000d5580000, 0x00000000e2e00000, 0x0000000100000000)
  eden space 187392K, 100% used [0x00000000d5580000,0x00000000e0c80000,0x00000000e0c80000)
  from space 14848K, 0% used [0x00000000e1d00000,0x00000000e1d00000,0x00000000e2b80000)
  to   space 16896K, 0% used [0x00000000e0c80000,0x00000000e0c80000,0x00000000e1d00000)
 ParOldGen       total 88064K, used 22362K [0x0000000080000000, 0x0000000085600000, 0x00000000d5580000)
  object space 88064K, 25% used [0x0000000080000000,0x00000000815d68b8,0x0000000085600000)
 Metaspace       used 49305K, capacity 51696K, committed 51800K, reserved 1097728K
  class space    used 7044K, capacity 7484K, committed 7512K, reserved 1048576K
Event: 7.950 GC heap after
Heap after GC invocations=11 (full 2):
 PSYoungGen      total 204288K, used 16884K [0x00000000d5580000, 0x00000000e2e00000, 0x0000000100000000)
  eden space 187392K, 0% used [0x00000000d5580000,0x00000000d5580000,0x00000000e0c80000)
  from space 16896K, 99% used [0x00000000e0c80000,0x00000000e1cfd3c8,0x00000000e1d00000)
  to   space 14848K, 0% used [0x00000000e1d00000,0x00000000e1d00000,0x00000000e2b80000)
 ParOldGen       total 88064K, used 27226K [0x0000000080000000, 0x0000000085600000, 0x00000000d5580000)
  object space 88064K, 30% used [0x0000000080000000,0x0000000081a96980,0x0000000085600000)
 Metaspace       used 49305K, capacity 51696K, committed 51800K, reserved 1097728K
  class space    used 7044K, capacity 7484K, committed 7512K, reserved 1048576K
}

