# JRE version: Java(TM) SE Runtime Environment (8.0_121-b13) (build 1.8.0_121-b13)
# Java VM: Java HotSpot(TM) 64-Bit Server VM (25.121-b13 mixed mode windows-amd64 compressed oops)
Heap:
 PSYoungGen      total 71680K, used 34674K [0x00000000d5580000, 0x00000000da080000, 0x0000000100000000)
  eden space 66560K, 52% used [0x00000000d5580000,0x00000000d775c8d8,0x00000000d9680000)
  from space 5120K, 0% used [0x00000000d9680000,0x00000000d9680000,0x00000000d9b80000)
  to   space 5120K, 0% used [0x00000000d9b80000,0x00000000d9b80000,0x00000000da080000)
 ParOldGen       total 54272K, used 18589K [0x0000000080000000, 0x0000000083500000, 0x00000000d5580000)
  object space 54272K, 34% used [0x0000000080000000,0x0000000081227538,0x0000000083500000)
 Metaspace       used 41355K, capacity 42918K, committed 43608K, reserved 1101824K
  class space    used 5732K, capacity 6064K, committed 6232K, reserved 1048576K
GC Heap History (10 events):
Event: 6.429 GC heap before
{Heap before GC invocations=27 (full 10):
 PSYoungGen      total 71680K, used 0K [0x00000000d5580000, 0x00000000da080000, 0x0000000100000000)
  eden space 66560K, 0% used [0x00000000d5580000,0x00000000d5580000,0x00000000d9680000)
  from space 5120K, 0% used [0x00000000d9680000,0x00000000d9680000,0x00000000d9b80000)
  to   space 5120K, 0% used [0x00000000d9b80000,0x00000000d9b80000,0x00000000da080000)
 ParOldGen       total 54272K, used 18987K [0x0000000080000000, 0x0000000083500000, 0x00000000d5580000)
  object space 54272K, 34% used [0x0000000080000000,0x000000008128ac58,0x0000000083500000)
 Metaspace       used 41355K, capacity 42928K, committed 43480K, reserved 1101824K
  class space    used 5727K, capacity 6035K, committed 6104K, reserved 1048576K
Event: 6.522 GC heap after
Heap after GC invocations=27 (full 10):
 PSYoungGen      total 71680K, used 0K [0x00000000d5580000, 0x00000000da080000, 0x0000000100000000)
  eden space 66560K, 0% used [0x00000000d5580000,0x00000000d5580000,0x00000000d9680000)
  from space 5120K, 0% used [0x00000000d9680000,0x00000000d9680000,0x00000000d9b80000)
  to   space 5120K, 0% used [0x00000000d9b80000,0x00000000d9b80000,0x00000000da080000)
 ParOldGen       total 54272K, used 18739K [0x0000000080000000, 0x0000000083500000, 0x00000000d5580000)
  object space 54272K, 34% used [0x0000000080000000,0x000000008124cd20,0x0000000083500000)
 Metaspace       used 41311K, capacity 42856K, committed 43480K, reserved 1101824K
  class space    used 5720K, capacity 6023K, committed 6104K, reserved 1048576K
}
Event: 6.531 GC heap before
{Heap before GC invocations=28 (full 10):
 PSYoungGen      total 71680K, used 32670K [0x00000000d5580000, 0x00000000da080000, 0x0000000100000000)
  eden space 66560K, 49% used [0x00000000d5580000,0x00000000d7567a00,0x00000000d9680000)
  from space 5120K, 0% used [0x00000000d9680000,0x00000000d9680000,0x00000000d9b80000)
  to   space 5120K, 0% used [0x00000000d9b80000,0x00000000d9b80000,0x00000000da080000)
 ParOldGen       total 54272K, used 18739K [0x0000000080000000, 0x0000000083500000, 0x00000000d5580000)
  object space 54272K, 34% used [0x0000000080000000,0x000000008124cd20,0x0000000083500000)
 Metaspace       used 41311K, capacity 42856K, committed 43480K, reserved 1101824K
  class space    used 5720K, capacity 6023K, committed 6104K, reserved 1048576K
Event: 6.534 GC heap after
Heap after GC invocations=28 (full 10):
 PSYoungGen      total 71680K, used 256K [0x00000000d5580000, 0x00000000da080000, 0x0000000100000000)
  eden space 66560K, 0% used [0x00000000d5580000,0x00000000d5580000,0x00000000d9680000)
  from space 5120K, 5% used [0x00000000d9b80000,0x00000000d9bc0318,0x00000000da080000)
  to   space 5120K, 0% used [0x00000000d9680000,0x00000000d9680000,0x00000000d9b80000)
 ParOldGen       total 54272K, used 18739K [0x0000000080000000, 0x0000000083500000, 0x00000000d5580000)
  object space 54272K, 34% used [0x0000000080000000,0x000000008124cd20,0x0000000083500000)
 Metaspace       used 41311K, capacity 42856K, committed 43480K, reserved 1101824K
  class space    used 5720K, capacity 6023K, committed 6104K, reserved 1048576K
}
Event: 6.534 GC heap before
{Heap before GC invocations=29 (full 11):
 PSYoungGen      total 71680K, used 256K [0x00000000d5580000, 0x00000000da080000, 0x0000000100000000)
  eden space 66560K, 0% used [0x00000000d5580000,0x00000000d5580000,0x00000000d9680000)
  from space 5120K, 5% used [0x00000000d9b80000,0x00000000d9bc0318,0x00000000da080000)
  to   space 5120K, 0% used [0x00000000d9680000,0x00000000d9680000,0x00000000d9b80000)
 ParOldGen       total 54272K, used 18739K [0x0000000080000000, 0x0000000083500000, 0x00000000d5580000)
  object space 54272K, 34% used [0x0000000080000000,0x000000008124cd20,0x0000000083500000)
 Metaspace       used 41311K, capacity 42856K, committed 43480K, reserved 1101824K
  class space    used 5720K, capacity 6023K, committed 6104K, reserved 1048576K
Event: 6.574 GC heap after
Heap after GC invocations=29 (full 11):
 PSYoungGen      total 71680K, used 0K [0x00000000d5580000, 0x00000000da080000, 0x0000000100000000)
  eden space 66560K, 0% used [0x00000000d5580000,0x00000000d5580000,0x00000000d9680000)
  from space 5120K, 0% used [0x00000000d9b80000,0x00000000d9b80000,0x00000000da080000)
  to   space 5120K, 0% used [0x00000000d9680000,0x00000000d9680000,0x00000000d9b80000)
 ParOldGen       total 54272K, used 18754K [0x0000000080000000, 0x0000000083500000, 0x00000000d5580000)
  object space 54272K, 34% used [0x0000000080000000,0x0000000081250b88,0x0000000083500000)
 Metaspace       used 41311K, capacity 42856K, committed 43480K, reserved 1101824K
  class space    used 5720K, capacity 6023K, committed 6104K, reserved 1048576K
}
Event: 6.574 GC heap before
{Heap before GC invocations=30 (full 11):
 PSYoungGen      total 71680K, used 0K [0x00000000d5580000, 0x00000000da080000, 0x0000000100000000)
  eden space 66560K, 0% used [0x00000000d5580000,0x00000000d5580000,0x00000000d9680000)
  from space 5120K, 0% used [0x00000000d9b80000,0x00000000d9b80000,0x00000000da080000)
  to   space 5120K, 0% used [0x00000000d9680000,0x00000000d9680000,0x00000000d9b80000)
 ParOldGen       total 54272K, used 18754K [0x0000000080000000, 0x0000000083500000, 0x00000000d5580000)
  object space 54272K, 34% used [0x0000000080000000,0x0000000081250b88,0x0000000083500000)
 Metaspace       used 41311K, capacity 42856K, committed 43480K, reserved 1101824K
  class space    used 5720K, capacity 6023K, committed 6104K, reserved 1048576K
Event: 6.576 GC heap after
Heap after GC invocations=30 (full 11):
 PSYoungGen      total 71680K, used 0K [0x00000000d5580000, 0x00000000da080000, 0x0000000100000000)
  eden space 66560K, 0% used [0x00000000d5580000,0x00000000d5580000,0x00000000d9680000)
  from space 5120K, 0% used [0x00000000d9680000,0x00000000d9680000,0x00000000d9b80000)
  to   space 5120K, 0% used [0x00000000d9b80000,0x00000000d9b80000,0x00000000da080000)
 ParOldGen       total 54272K, used 18754K [0x0000000080000000, 0x0000000083500000, 0x00000000d5580000)
  object space 54272K, 34% used [0x0000000080000000,0x0000000081250b88,0x0000000083500000)
 Metaspace       used 41311K, capacity 42856K, committed 43480K, reserved 1101824K
  class space    used 5720K, capacity 6023K, committed 6104K, reserved 1048576K
}
Event: 6.576 GC heap before
{Heap before GC invocations=31 (full 12):
 PSYoungGen      total 71680K, used 0K [0x00000000d5580000, 0x00000000da080000, 0x0000000100000000)
  eden space 66560K, 0% used [0x00000000d5580000,0x00000000d5580000,0x00000000d9680000)
  from space 5120K, 0% used [0x00000000d9680000,0x00000000d9680000,0x00000000d9b80000)
  to   space 5120K, 0% used [0x00000000d9b80000,0x00000000d9b80000,0x00000000da080000)
 ParOldGen       total 54272K, used 18754K [0x0000000080000000, 0x0000000083500000, 0x00000000d5580000)
  object space 54272K, 34% used [0x0000000080000000,0x0000000081250b88,0x0000000083500000)
 Metaspace       used 41311K, capacity 42856K, committed 43480K, reserved 1101824K
  class space    used 5720K, capacity 6023K, committed 6104K, reserved 1048576K
Event: 6.638 GC heap after
Heap after GC invocations=31 (full 12):
 PSYoungGen      total 71680K, used 0K [0x00000000d5580000, 0x00000000da080000, 0x0000000100000000)
  eden space 66560K, 0% used [0x00000000d5580000,0x00000000d5580000,0x00000000d9680000)
  from space 5120K, 0% used [0x00000000d9680000,0x00000000d9680000,0x00000000d9b80000)
  to   space 5120K, 0% used [0x00000000d9b80000,0x00000000d9b80000,0x00000000da080000)
 ParOldGen       total 54272K, used 18589K [0x0000000080000000, 0x0000000083500000, 0x00000000d5580000)
  object space 54272K, 34% used [0x0000000080000000,0x0000000081227538,0x0000000083500000)
 Metaspace       used 41311K, capacity 42856K, committed 43480K, reserved 1101824K
  class space    used 5720K, capacity 6023K, committed 6104K, reserved 1048576K
}

